ALMusic/build/outputs/logs/manifest-merger-debug-report.txt
-- Merging decision tree log ---
manifest
ADDED from AndroidManifest.xml:2:1
	package
		ADDED from AndroidManifest.xml:4:5
		INJECTED from AndroidManifest.xml:0:0
		INJECTED from AndroidManifest.xml:0:0
	android:versionName
		ADDED from AndroidManifest.xml:7:5
	xmlns:tools
		ADDED from AndroidManifest.xml:3:5
	android:hardwareAccelerated
		ADDED from AndroidManifest.xml:5:5
	android:versionCode
		ADDED from AndroidManifest.xml:6:5
		INJECTED from AndroidManifest.xml:0:0
		INJECTED from AndroidManifest.xml:0:0
	xmlns:android
		ADDED from AndroidManifest.xml:2:11
uses-permission#android.permission.WAKE_LOCK
ADDED from AndroidManifest.xml:9:5
	android:name
		ADDED from AndroidManifest.xml:9:22
uses-permission#android.permission.MODIFY_AUDIO_SETTINGS
ADDED from AndroidManifest.xml:10:5
	android:name
		ADDED from AndroidManifest.xml:10:22
uses-permission#android.permission.WRITE_EXTERNAL_STORAGE
ADDED from AndroidManifest.xml:11:5
	android:name
		ADDED from AndroidManifest.xml:11:22
uses-permission#android.permission.INTERNET
ADDED from AndroidManifest.xml:12:5
	android:name
		ADDED from AndroidManifest.xml:12:22
uses-permission#android.permission.GET_ACCOUNTS
ADDED from AndroidManifest.xml:13:5
	android:name
		ADDED from AndroidManifest.xml:13:22
uses-permission#android.permission.USE_CREDENTIALS
ADDED from AndroidManifest.xml:14:5
	android:name
		ADDED from AndroidManifest.xml:14:22
uses-permission#android.permission.ACCESS_NETWORK_STATE
ADDED from AndroidManifest.xml:15:5
	android:name
		ADDED from AndroidManifest.xml:15:22
uses-sdk
ADDED from AndroidManifest.xml:17:5
MERGED from ALMusic Player:licensesdialoglibrary:unspecified:22:5
MERGED from ALMusic Player:quickScroll:unspecified:7:5
MERGED from ALMusic Player:picasso:unspecified:8:5
MERGED from ALMusic Player:velocityviewpagerlibrary:unspecified:7:5
MERGED from com.android.support:support-v4:23.0.0:20:5
MERGED from ALMusic Player:dragsortlistviewlibrary:unspecified:7:5
MERGED from com.android.support:support-v4:23.0.0:20:5
MERGED from ALMusic Player:viewpagerindicatorlibrary:unspecified:7:5
MERGED from ALMusic Player:velocityviewpagerlibrary:unspecified:7:5
MERGED from com.android.support:support-v4:23.0.0:20:5
MERGED from com.android.support:support-v4:23.0.0:20:5
MERGED from ALMusic Player:circularImageView:unspecified:7:5
MERGED from com.android.support:support-v4:23.0.0:20:5
MERGED from ALMusic Player:picasso:unspecified:8:5
MERGED from com.android.support:support-v4:23.0.0:20:5
MERGED from com.google.android.gms:play-services:6.5.87:18:5
MERGED from com.android.support:support-v4:23.0.0:20:5
MERGED from com.android.support:palette-v7:22.2.1:20:5
MERGED from com.android.support:support-v4:23.0.0:20:5
MERGED from com.github.clans:fab:1.6.0:8:5
	tools:node
		ADDED from AndroidManifest.xml:20:9
	android:targetSdkVersion
		ADDED from AndroidManifest.xml:19:9
		INJECTED from AndroidManifest.xml:0:0
		INJECTED from AndroidManifest.xml:0:0
	android:minSdkVersion
		ADDED from AndroidManifest.xml:18:9
		INJECTED from AndroidManifest.xml:0:0
		INJECTED from AndroidManifest.xml:0:0
application
ADDED from AndroidManifest.xml:22:5
MERGED from ALMusic Player:licensesdialoglibrary:unspecified:26:5
MERGED from ALMusic Player:velocityviewpagerlibrary:unspecified:11:5
MERGED from com.android.support:support-v4:23.0.0:22:5
MERGED from com.android.support:support-v4:23.0.0:22:5
MERGED from ALMusic Player:velocityviewpagerlibrary:unspecified:11:5
MERGED from com.android.support:support-v4:23.0.0:22:5
MERGED from com.android.support:support-v4:23.0.0:22:5
MERGED from com.android.support:support-v4:23.0.0:22:5
MERGED from com.android.support:support-v4:23.0.0:22:5
MERGED from com.google.android.gms:play-services:6.5.87:20:5
MERGED from com.android.support:support-v4:23.0.0:22:5
MERGED from com.android.support:palette-v7:22.2.1:22:5
MERGED from com.android.support:support-v4:23.0.0:22:5
MERGED from com.github.clans:fab:1.6.0:12:5
	android:label
		ADDED from AndroidManifest.xml:26:9
	android:allowBackup
		ADDED from AndroidManifest.xml:24:9
	android:icon
		ADDED from AndroidManifest.xml:25:9
	android:largeHeap
		ADDED from AndroidManifest.xml:27:9
	android:theme
		ADDED from ALMusic Player:velocityviewpagerlibrary:unspecified:14:9
	android:name
		ADDED from AndroidManifest.xml:23:9
meta-data#com.google.android.gms.version
ADDED from AndroidManifest.xml:28:9
MERGED from com.google.android.gms:play-services:6.5.87:21:9
	android:value
		ADDED from AndroidManifest.xml:30:13
	android:name
		ADDED from AndroidManifest.xml:29:13
meta-data#com.facebook.sdk.ApplicationId
ADDED from AndroidManifest.xml:31:9
	android:value
		ADDED from AndroidManifest.xml:33:13
	android:name
		ADDED from AndroidManifest.xml:32:13
service#com.google.analytics.tracking.android.CampaignTrackingService
ADDED from AndroidManifest.xml:37:9
	android:name
		ADDED from AndroidManifest.xml:37:18
receiver#com.google.analytics.tracking.android.CampaignTrackingReceiver
ADDED from AndroidManifest.xml:39:9
	android:exported
		ADDED from AndroidManifest.xml:41:13
	android:name
		ADDED from AndroidManifest.xml:40:13
intent-filter#com.android.vending.INSTALL_REFERRER
ADDED from AndroidManifest.xml:42:13
action#com.android.vending.INSTALL_REFERRER
ADDED from AndroidManifest.xml:43:17
	android:name
		ADDED from AndroidManifest.xml:43:25
activity#com.alium.ALMPlayer.NowPlayingActivity.NowPlayingActivity
ADDED from AndroidManifest.xml:50:9
	android:label
		ADDED from AndroidManifest.xml:53:13
	android:launchMode
		ADDED from AndroidManifest.xml:54:13
	android:exported
		ADDED from AndroidManifest.xml:52:13
	android:name
		ADDED from AndroidManifest.xml:51:13
intent-filter#android.intent.action.VIEW+android.intent.category.DEFAULT
ADDED from AndroidManifest.xml:55:13
action#android.intent.action.VIEW
ADDED from AndroidManifest.xml:56:17
	android:name
		ADDED from AndroidManifest.xml:56:25
category#android.intent.category.DEFAULT
ADDED from AndroidManifest.xml:58:17
	android:name
		ADDED from AndroidManifest.xml:58:27
data
ADDED from AndroidManifest.xml:60:17
	android:scheme
		ADDED from AndroidManifest.xml:60:23
intent-filter#android.intent.action.VIEW+android.intent.category.BROWSABLE+android.intent.category.DEFAULT
ADDED from AndroidManifest.xml:77:13
category#android.intent.category.BROWSABLE
ADDED from AndroidManifest.xml:81:17
	android:name
		ADDED from AndroidManifest.xml:81:27
intent-filter#android.intent.category.DEFAULT+com.andrew.apollo.AUDIO_PLAYER
ADDED from AndroidManifest.xml:98:13
action#com.andrew.apollo.AUDIO_PLAYER
ADDED from AndroidManifest.xml:99:17
	android:name
		ADDED from AndroidManifest.xml:99:25
intent-filter#android.intent.action.PICK+android.intent.category.DEFAULT+android.intent.category.OPENABLE
ADDED from AndroidManifest.xml:103:13
action#android.intent.action.PICK
ADDED from AndroidManifest.xml:104:17
	android:name
		ADDED from AndroidManifest.xml:104:25
category#android.intent.category.OPENABLE
ADDED from AndroidManifest.xml:106:17
	android:name
		ADDED from AndroidManifest.xml:106:27
activity#com.alium.ALMPlayer.EqualizerActivity.EqualizerActivity
ADDED from AndroidManifest.xml:113:9
	android:label
		ADDED from AndroidManifest.xml:116:13
	android:exported
		ADDED from AndroidManifest.xml:115:13
	android:name
		ADDED from AndroidManifest.xml:114:13
activity#com.alium.ALMPlayer.LauncherActivity.LauncherActivity
ADDED from AndroidManifest.xml:121:9
	android:name
		ADDED from AndroidManifest.xml:121:19
intent-filter#android.intent.action.MAIN+android.intent.category.LAUNCHER
ADDED from AndroidManifest.xml:122:13
action#android.intent.action.MAIN
ADDED from AndroidManifest.xml:123:17
	android:name
		ADDED from AndroidManifest.xml:123:25
category#android.intent.category.LAUNCHER
ADDED from AndroidManifest.xml:125:17
	android:name
		ADDED from AndroidManifest.xml:125:27
activity#com.alium.ALMPlayer.WelcomeActivity.WelcomeActivity
ADDED from AndroidManifest.xml:131:9
	android:label
		ADDED from AndroidManifest.xml:133:13
	android:name
		ADDED from AndroidManifest.xml:132:13
activity#com.alium.ALMPlayer.MainActivity.MainActivity
ADDED from AndroidManifest.xml:138:9
	android:label
		ADDED from AndroidManifest.xml:140:13
	android:theme
		ADDED from AndroidManifest.xml:141:13
	android:name
		ADDED from AndroidManifest.xml:139:13
service#com.alium.ALMPlayer.Services.AudioPlaybackService
ADDED from AndroidManifest.xml:146:9
	android:name
		ADDED from AndroidManifest.xml:146:18
service#com.alium.ALMPlayer.Services.AutoFetchAlbumArtService
ADDED from AndroidManifest.xml:147:9
	android:name
		ADDED from AndroidManifest.xml:147:18
service#com.alium.ALMPlayer.Services.PinGMusicSongsService
ADDED from AndroidManifest.xml:148:9
	android:name
		ADDED from AndroidManifest.xml:148:18
service#com.alium.ALMPlayer.Services.LargeWidgetAdapterService
ADDED from AndroidManifest.xml:149:9
	android:exported
		ADDED from AndroidManifest.xml:151:13
	android:permission
		ADDED from AndroidManifest.xml:152:13
	android:name
		ADDED from AndroidManifest.xml:150:13
service#com.alium.ALMPlayer.Services.BuildMusicLibraryService
ADDED from AndroidManifest.xml:153:9
	android:exported
		ADDED from AndroidManifest.xml:155:13
	android:name
		ADDED from AndroidManifest.xml:154:13
service#com.alium.ALMPlayer.Services.DashClockExtensionService
ADDED from AndroidManifest.xml:156:9
	android:label
		ADDED from AndroidManifest.xml:159:13
	android:permission
		ADDED from AndroidManifest.xml:160:13
	android:icon
		ADDED from AndroidManifest.xml:158:13
	android:name
		ADDED from AndroidManifest.xml:157:13
intent-filter#com.google.android.apps.dashclock.Extension
ADDED from AndroidManifest.xml:161:13
action#com.google.android.apps.dashclock.Extension
ADDED from AndroidManifest.xml:162:17
	android:name
		ADDED from AndroidManifest.xml:162:25
meta-data#protocolVersion
ADDED from AndroidManifest.xml:165:13
	android:value
		ADDED from AndroidManifest.xml:167:17
	android:name
		ADDED from AndroidManifest.xml:166:17
meta-data#worldReadable
ADDED from AndroidManifest.xml:168:13
	android:value
		ADDED from AndroidManifest.xml:170:17
	android:name
		ADDED from AndroidManifest.xml:169:17
meta-data#description
ADDED from AndroidManifest.xml:171:13
	android:value
		ADDED from AndroidManifest.xml:173:17
	android:name
		ADDED from AndroidManifest.xml:172:17
receiver#com.alium.ALMPlayer.WidgetProviders.LargeWidgetProvider
ADDED from AndroidManifest.xml:178:9
	android:label
		ADDED from AndroidManifest.xml:180:13
	android:name
		ADDED from AndroidManifest.xml:179:13
intent-filter#android.appwidget.action.APPWIDGET_UPDATE
ADDED from AndroidManifest.xml:181:13
action#android.appwidget.action.APPWIDGET_UPDATE
ADDED from AndroidManifest.xml:182:17
	android:name
		ADDED from AndroidManifest.xml:182:25
meta-data#android.appwidget.provider
ADDED from AndroidManifest.xml:185:13
	android:resource
		ADDED from AndroidManifest.xml:187:17
	android:name
		ADDED from AndroidManifest.xml:186:17
receiver#com.alium.ALMPlayer.WidgetProviders.BlurredWidgetProvider
ADDED from AndroidManifest.xml:192:9
	android:label
		ADDED from AndroidManifest.xml:194:13
	android:name
		ADDED from AndroidManifest.xml:193:13
receiver#com.alium.ALMPlayer.WidgetProviders.AlbumArtWidgetProvider
ADDED from AndroidManifest.xml:206:9
	android:label
		ADDED from AndroidManifest.xml:208:13
	android:name
		ADDED from AndroidManifest.xml:207:13
receiver#com.alium.ALMPlayer.BroadcastReceivers.HeadsetButtonsReceiver
ADDED from AndroidManifest.xml:220:9
	android:name
		ADDED from AndroidManifest.xml:220:19
intent-filter#android.intent.action.MEDIA_BUTTON
ADDED from AndroidManifest.xml:221:13
action#android.intent.action.MEDIA_BUTTON
ADDED from AndroidManifest.xml:222:17
	android:name
		ADDED from AndroidManifest.xml:222:25
receiver#com.alium.ALMPlayer.WidgetProviders.SmallWidgetProvider
ADDED from AndroidManifest.xml:228:9
	android:label
		ADDED from AndroidManifest.xml:230:13
	android:name
		ADDED from AndroidManifest.xml:229:13
activity#com.alium.ALMPlayer.WidgetProviders.LargeWidgetConfigActivity
ADDED from AndroidManifest.xml:242:9
	android:name
		ADDED from AndroidManifest.xml:242:19
intent-filter#android.appwidget.action.APPWIDGET_CONFIGURE
ADDED from AndroidManifest.xml:243:13
action#android.appwidget.action.APPWIDGET_CONFIGURE
ADDED from AndroidManifest.xml:244:17
	android:name
		ADDED from AndroidManifest.xml:244:25
activity#com.alium.ALMPlayer.WidgetProviders.SmallWidgetConfigActivity
ADDED from AndroidManifest.xml:250:9
	android:name
		ADDED from AndroidManifest.xml:250:19
receiver#com.alium.ALMPlayer.BroadcastReceivers.LaunchNowPlayingReceiver
ADDED from AndroidManifest.xml:258:9
	android:name
		ADDED from AndroidManifest.xml:258:19
intent-filter#com.alium.ALMPlayer.LAUNCH_NOW_PLAYING_ACTION
ADDED from AndroidManifest.xml:259:13
action#com.alium.ALMPlayer.LAUNCH_NOW_PLAYING_ACTION
ADDED from AndroidManifest.xml:260:17
	android:name
		ADDED from AndroidManifest.xml:260:25
receiver#com.alium.ALMPlayer.BroadcastReceivers.PlayPauseBroadcastReceiver
ADDED from AndroidManifest.xml:266:9
	android:name
		ADDED from AndroidManifest.xml:266:19
intent-filter#com.alium.ALMPlayer.PLAY_PAUSE_ACTION
ADDED from AndroidManifest.xml:267:13
action#com.alium.ALMPlayer.PLAY_PAUSE_ACTION
ADDED from AndroidManifest.xml:268:17
	android:name
		ADDED from AndroidManifest.xml:268:25
receiver#com.alium.ALMPlayer.BroadcastReceivers.PreviousBroadcastReceiver
ADDED from AndroidManifest.xml:274:9
	android:name
		ADDED from AndroidManifest.xml:274:19
intent-filter#com.alium.ALMPlayer.PREVIOUS_ACTION
ADDED from AndroidManifest.xml:275:13
action#com.alium.ALMPlayer.PREVIOUS_ACTION
ADDED from AndroidManifest.xml:276:17
	android:name
		ADDED from AndroidManifest.xml:276:25
receiver#com.alium.ALMPlayer.BroadcastReceivers.NextBroadcastReceiver
ADDED from AndroidManifest.xml:282:9
	android:name
		ADDED from AndroidManifest.xml:282:19
intent-filter#com.alium.ALMPlayer.NEXT_ACTION
ADDED from AndroidManifest.xml:283:13
action#com.alium.ALMPlayer.NEXT_ACTION
ADDED from AndroidManifest.xml:284:17
	android:name
		ADDED from AndroidManifest.xml:284:25
receiver#com.alium.ALMPlayer.BroadcastReceivers.StopServiceBroadcastReceiver
ADDED from AndroidManifest.xml:290:9
	android:name
		ADDED from AndroidManifest.xml:290:19
intent-filter#com.alium.ALMPlayer.STOP_SERVICE
ADDED from AndroidManifest.xml:291:13
action#com.alium.ALMPlayer.STOP_SERVICE
ADDED from AndroidManifest.xml:292:17
	android:name
		ADDED from AndroidManifest.xml:292:25
receiver#com.alium.ALMPlayer.BroadcastReceivers.ChangeTrackBroadcastReceiver
ADDED from AndroidManifest.xml:298:9
	android:name
		ADDED from AndroidManifest.xml:298:19
intent-filter#com.alium.ALMPlayer.WIDGET_CHANGE_TRACK
ADDED from AndroidManifest.xml:299:13
action#com.alium.ALMPlayer.WIDGET_CHANGE_TRACK
ADDED from AndroidManifest.xml:300:17
	android:name
		ADDED from AndroidManifest.xml:300:25
activity#com.alium.ALMPlayer.SettingsActivity.SettingsActivity
ADDED from AndroidManifest.xml:306:9
	android:name
		ADDED from AndroidManifest.xml:306:19
activity#com.alium.ALMPlayer.SettingsActivity.PreferenceDialogLauncherActivity
ADDED from AndroidManifest.xml:311:9
	android:label
		ADDED from AndroidManifest.xml:313:13
	android:theme
		ADDED from AndroidManifest.xml:314:13
	android:name
		ADDED from AndroidManifest.xml:312:13
activity#com.alium.ALMPlayer.NowPlayingQueueActivity.NowPlayingQueueActivity
ADDED from AndroidManifest.xml:319:9
	android:label
		ADDED from AndroidManifest.xml:321:13
	android:name
		ADDED from AndroidManifest.xml:320:13
activity#com.alium.ALMPlayer.BlacklistManagerActivity.BlacklistManagerActivity
ADDED from AndroidManifest.xml:326:9
	android:label
		ADDED from AndroidManifest.xml:328:13
	android:name
		ADDED from AndroidManifest.xml:327:13
activity#com.alium.ALMPlayer.MusicLibraryEditorActivity.MusicLibraryEditorActivity
ADDED from AndroidManifest.xml:333:9
	android:label
		ADDED from AndroidManifest.xml:335:13
	android:name
		ADDED from AndroidManifest.xml:334:13
activity#com.alium.ALMPlayer.PlaylistEditorActivity.PlaylistEditorActivity
ADDED from AndroidManifest.xml:340:9
	android:label
		ADDED from AndroidManifest.xml:342:13
	android:name
		ADDED from AndroidManifest.xml:341:13
activity#com.alium.ALMPlayer.Services.KitKatFixActivity
ADDED from AndroidManifest.xml:347:9
	android:clearTaskOnLaunch
		ADDED from AndroidManifest.xml:351:13
	android:enabled
		ADDED from AndroidManifest.xml:352:13
	android:stateNotNeeded
		ADDED from AndroidManifest.xml:356:13
	android:excludeFromRecents
		ADDED from AndroidManifest.xml:353:13
	android:noHistory
		ADDED from AndroidManifest.xml:355:13
	android:allowTaskReparenting
		ADDED from AndroidManifest.xml:349:13
	android:alwaysRetainTaskState
		ADDED from AndroidManifest.xml:350:13
	android:finishOnTaskLaunch
		ADDED from AndroidManifest.xml:354:13
	android:theme
		ADDED from AndroidManifest.xml:357:13
	android:name
		ADDED from AndroidManifest.xml:348:13
activity#com.alium.ALMPlayer.BrowserSubListActivity.BrowserSubListActivity
ADDED from AndroidManifest.xml:358:9
	android:label
		ADDED from AndroidManifest.xml:360:13
	android:name
		ADDED from AndroidManifest.xml:359:13
activity#com.alium.ALMPlayer.BrowserSubGridActivity.BrowserSubGridActivity
ADDED from AndroidManifest.xml:362:9
	android:label
		ADDED from AndroidManifest.xml:364:13
	android:name
		ADDED from AndroidManifest.xml:363:13